<?xml version="1.0" encoding="UTF-8"?>
<!-- Generated by org.testng.reporters.JUnitReportReporter -->
<testsuite skipped="0" hostname="Amey" name="tESTNGBASICS.WebTesting" tests="1" failures="0" timestamp="2021-11-17T17:53:02 IST" time="0.001" errors="0">
  <testcase name="webLogin" time="0.001" classname="tESTNGBASICS.WebTesting"/>
  <system-out/>
</testsuite> <!-- tESTNGBASICS.WebTesting -->
