<?xml version="1.0" encoding="UTF-8"?>
<!-- Generated by org.testng.reporters.JUnitReportReporter -->
<testsuite skipped="0" hostname="Amey" name="testNgDemo.codility1$codility" tests="4" failures="0" timestamp="2021-11-19T22:50:12 IST" time="16.821" errors="0">
  <testcase name="c" time="7.497" classname="testNgDemo.codility1$codility"/>
  <system-out/>
  <testcase name="a" time="2.873" classname="testNgDemo.codility1$codility"/>
  <system-out/>
  <testcase name="b" time="2.866" classname="testNgDemo.codility1$codility"/>
  <system-out/>
  <testcase name="d" time="3.585" classname="testNgDemo.codility1$codility"/>
  <system-out/>
</testsuite> <!-- testNgDemo.codility1$codility -->
