<?xml version="1.0" encoding="UTF-8"?>
<!-- Generated by org.testng.reporters.JUnitReportReporter -->
<testsuite skipped="0" hostname="Amey" name="tESTNGBASICS.MobileTesting" tests="3" failures="0" timestamp="2021-11-17T17:53:02 IST" time="0.009" errors="0">
  <testcase name="mobileLogin" time="0.008" classname="tESTNGBASICS.MobileTesting"/>
  <system-out/>
  <testcase name="mobileLogin" time="0.001" classname="tESTNGBASICS.MobileTesting"/>
  <system-out/>
  <testcase name="sendmobilerequest" time="0.000" classname="tESTNGBASICS.MobileTesting"/>
  <system-out/>
</testsuite> <!-- tESTNGBASICS.MobileTesting -->
