<?xml version="1.0" encoding="UTF-8"?>
<!-- Generated by org.testng.reporters.JUnitReportReporter -->
<testsuite skipped="0" hostname="Amey" name="TestngBasic.MobileTest" tests="1" failures="0" timestamp="2021-11-17T16:07:04 IST" time="0.014" errors="0">
  <testcase name="Mobilelogin" time="0.014" classname="TestngBasic.MobileTest"/>
  <system-out/>
</testsuite> <!-- TestngBasic.MobileTest -->
