<?xml version="1.0" encoding="UTF-8"?>
<!-- Generated by org.testng.reporters.JUnitReportReporter -->
<testsuite skipped="0" hostname="Amey" name="testNgDemo.codility" tests="5" failures="0" timestamp="2021-11-20T09:16:30 IST" time="19.334" errors="0">
  <testcase name="g" time="2.612" classname="testNgDemo.codility"/>
  <system-out/>
  <testcase name="d" time="5.442" classname="testNgDemo.codility"/>
  <system-out/>
  <testcase name="a" time="5.852" classname="testNgDemo.codility"/>
  <system-out/>
  <testcase name="h" time="2.690" classname="testNgDemo.codility"/>
  <system-out/>
  <testcase name="e" time="2.738" classname="testNgDemo.codility"/>
  <system-out/>
</testsuite> <!-- testNgDemo.codility -->
