<?xml version="1.0" encoding="UTF-8"?>
<!-- Generated by org.testng.reporters.JUnitReportReporter -->
<testsuite skipped="0" hostname="Amey" name="testNgDemo.TestngDemo" tests="3" failures="0" timestamp="2021-11-17T22:05:49 IST" time="0.012" errors="0">
  <testcase name="password" time="0.001" classname="testNgDemo.TestngDemo"/>
  <system-out/>
  <testcase name="homepagevalidation" time="0.005" classname="testNgDemo.TestngDemo"/>
  <system-out/>
  <testcase name="login" time="0.006" classname="testNgDemo.TestngDemo"/>
  <system-out/>
</testsuite> <!-- testNgDemo.TestngDemo -->
