<?xml version="1.0" encoding="UTF-8"?>
<!-- Generated by org.testng.reporters.JUnitReportReporter -->
<testsuite skipped="0" hostname="Amey" name="testNgDemo.codility1" tests="1" failures="0" timestamp="2021-11-20T11:37:31 IST" time="5.087" errors="0">
  <testcase name="e" time="5.087" classname="testNgDemo.codility1"/>
  <system-out/>
</testsuite> <!-- testNgDemo.codility1 -->
