<?xml version="1.0" encoding="UTF-8"?>
<!-- Generated by org.testng.reporters.JUnitReportReporter -->
<testsuite skipped="0" hostname="Amey" name="TestngBasic.WebTest" tests="1" failures="0" timestamp="2021-11-17T16:07:04 IST" time="0.002" errors="0">
  <testcase name="Weblogin" time="0.002" classname="TestngBasic.WebTest"/>
  <system-out/>
</testsuite> <!-- TestngBasic.WebTest -->
