<?xml version="1.0" encoding="UTF-8"?>
<!-- Generated by org.testng.reporters.JUnitReportReporter -->
<testsuite skipped="1" hostname="Amey" name="tESTNGBASICS.TestNGDemo" tests="5" failures="0" timestamp="2021-11-17T22:16:12 IST" time="0.015" errors="0">
  <testcase name="SmokeTC1" time="0.008" classname="tESTNGBASICS.TestNGDemo"/>
  <system-out/>
  <testcase name="validateLogin" time="0.004" classname="tESTNGBASICS.TestNGDemo"/>
  <system-out/>
  <testcase name="validateHomePage" time="0.001" classname="tESTNGBASICS.TestNGDemo"/>
  <system-out/>
  <testcase name="resetPassword" time="0.002" classname="tESTNGBASICS.TestNGDemo"/>
  <system-out/>
  <testcase name="skippingTC" classname="tESTNGBASICS.TestNGDemo">
    <skipped/>
  </testcase> <!-- skippingTC -->
  <system-out/>
</testsuite> <!-- tESTNGBASICS.TestNGDemo -->
