<?xml version="1.0" encoding="UTF-8"?>
<!-- Generated by org.testng.reporters.JUnitReportReporter -->
<testsuite skipped="0" hostname="Amey" name="testNgDemo.testNgassignment1" tests="1" failures="0" timestamp="2021-11-19T09:45:09 IST" time="12.135" errors="0">
  <testcase name="validateNoRecords" time="12.135" classname="testNgDemo.testNgassignment1"/>
  <system-out/>
</testsuite> <!-- testNgDemo.testNgassignment1 -->
