<?xml version="1.0" encoding="UTF-8"?>
<!-- Generated by org.testng.reporters.JUnitReportReporter -->
<testsuite skipped="0" hostname="Amey" name="com.testcase.LoginPageTest" tests="2" failures="0" timestamp="2021-11-18T23:59:32 IST" time="18.816" errors="0">
  <testcase name="validateTitle" time="6.220" classname="com.testcase.LoginPageTest"/>
  <system-out/>
  <testcase name="validateLogin" time="12.596" classname="com.testcase.LoginPageTest"/>
  <system-out/>
</testsuite> <!-- com.testcase.LoginPageTest -->
