<?xml version="1.0" encoding="UTF-8"?>
<!-- Generated by org.testng.reporters.JUnitReportReporter -->
<testsuite skipped="0" hostname="Amey" name="APITesting.Get_API_Test" tests="1" failures="0" timestamp="2021-11-24T12:56:31 IST" time="1.197" errors="0">
  <testcase name="get_Test" time="1.197" classname="APITesting.Get_API_Test"/>
  <system-out/>
</testsuite> <!-- APITesting.Get_API_Test -->
