<?xml version="1.0" encoding="UTF-8"?>
<!-- Generated by org.testng.reporters.JUnitReportReporter -->
<testsuite skipped="0" hostname="Amey" name="com.testcases.LoginPageTest" tests="3" failures="0" timestamp="2021-11-22T12:51:43 IST" time="15.720" errors="0">
  <testcase name="validateAddressDisplayTest" time="4.206" classname="com.testcases.LoginPageTest"/>
  <system-out/>
  <testcase name="validateLogin" time="8.347" classname="com.testcases.LoginPageTest"/>
  <system-out/>
  <testcase name="validateTitleTest" time="3.167" classname="com.testcases.LoginPageTest"/>
  <system-out/>
</testsuite> <!-- com.testcases.LoginPageTest -->
