<?xml version="1.0" encoding="UTF-8"?>
<!-- Generated by org.testng.reporters.JUnitReportReporter -->
<testsuite skipped="0" hostname="Amey" name="APITesting.Get_API_Test" tests="1" failures="0" timestamp="2021-11-25T08:54:13 IST" time="1.788" errors="0">
  <testcase name="get_Test" time="1.788" classname="APITesting.Get_API_Test"/>
  <system-out/>
</testsuite> <!-- APITesting.Get_API_Test -->
