<?xml version="1.0" encoding="UTF-8"?>
<!-- Generated by org.testng.reporters.JUnitReportReporter -->
<testsuite skipped="0" hostname="Amey" name="APITesting.Post_API_Test" tests="1" failures="0" timestamp="2021-11-25T08:44:34 IST" time="2.135" errors="0">
  <testcase name="post_Api" time="2.135" classname="APITesting.Post_API_Test"/>
  <system-out/>
</testsuite> <!-- APITesting.Post_API_Test -->
