<?xml version="1.0" encoding="UTF-8"?>
<!-- Generated by org.testng.reporters.JUnitReportReporter -->
<testsuite skipped="0" hostname="Amey" name="com.testcases.LoginPageTestTDD" tests="2" failures="0" timestamp="2021-11-22T16:46:29 IST" time="0.006" errors="0">
  <testcase name="validateLogin" time="0.005" classname="com.testcases.LoginPageTestTDD"/>
  <system-out/>
  <testcase name="validateLogin" time="0.001" classname="com.testcases.LoginPageTestTDD"/>
  <system-out/>
</testsuite> <!-- com.testcases.LoginPageTestTDD -->
